# JRE version: Java(TM) SE Runtime Environment (23.0+37) (build 23+37-2369)
# Java VM: Java HotSpot(TM) 64-Bit Server VM (23+37-2369, mixed mode, sharing, tiered, compressed oops, compressed class ptrs, g1 gc, windows-amd64)
GC Precious Log:
 CardTable entry size: 512
 Card Set container configuration: InlinePtr #cards 4 size 8 Array Of Cards #cards 16 size 48 Howl #buckets 8 coarsen threshold 3686 Howl Bitmap #cards 512 size 80 coarsen threshold 460 Card regions per heap region 1 cards per card region 4096
 CPUs: 8 total, 8 available
 Memory: 16129M
 Large Page Support: Disabled
 NUMA Support: Disabled
 Compressed Oops: Enabled (Zero based)
 Heap Region Size: 2M
 Heap Min Capacity: 8M
 Heap Initial Capacity: 254M
 Heap Max Capacity: 4034M
 Pre-touch: Disabled
 Parallel Workers: 8
 Concurrent Workers: 2
 Concurrent Refinement Workers: 8
 Periodic GC: Disabled
Heap:
 garbage-first heap   total reserved 4130816K, committed 499712K, used 444231K [0x0000000703e00000, 0x0000000800000000)
  region size 2048K, 5 young (10240K), 4 survivors (8192K)
 Metaspace       used 21999K, committed 22336K, reserved 1114112K
  class space    used 3310K, committed 3456K, reserved 1048576K
GC Heap History (14 events):
Event: 0.479 GC heap before
{Heap before GC invocations=0 (full 0):
 garbage-first heap   total reserved 4130816K, committed 260096K, used 22528K [0x0000000703e00000, 0x0000000800000000)
  region size 2048K, 12 young (24576K), 0 survivors (0K)
 Metaspace       used 4459K, committed 4672K, reserved 1114112K
  class space    used 528K, committed 640K, reserved 1048576K
}
Event: 0.482 GC heap after
{Heap after GC invocations=1 (full 0):
 garbage-first heap   total reserved 4130816K, committed 260096K, used 2986K [0x0000000703e00000, 0x0000000800000000)
  region size 2048K, 2 young (4096K), 2 survivors (4096K)
 Metaspace       used 4459K, committed 4672K, reserved 1114112K
  class space    used 528K, committed 640K, reserved 1048576K
}
Event: 0.754 GC heap before
{Heap before GC invocations=1 (full 0):
 garbage-first heap   total reserved 4130816K, committed 260096K, used 21418K [0x0000000703e00000, 0x0000000800000000)
  region size 2048K, 12 young (24576K), 2 survivors (4096K)
 Metaspace       used 7814K, committed 8064K, reserved 1114112K
  class space    used 967K, committed 1088K, reserved 1048576K
}
Event: 0.757 GC heap after
{Heap after GC invocations=2 (full 0):
 garbage-first heap   total reserved 4130816K, committed 260096K, used 5464K [0x0000000703e00000, 0x0000000800000000)
  region size 2048K, 2 young (4096K), 2 survivors (4096K)
 Metaspace       used 7814K, committed 8064K, reserved 1114112K
  class space    used 967K, committed 1088K, reserved 1048576K
}
Event: 1.762 GC heap before
{Heap before GC invocations=2 (full 0):
 garbage-first heap   total reserved 4130816K, committed 260096K, used 187736K [0x0000000703e00000, 0x0000000800000000)
  region size 2048K, 22 young (45056K), 2 survivors (4096K)
 Metaspace       used 15773K, committed 16064K, reserved 1114112K
  class space    used 2466K, committed 2624K, reserved 1048576K
}
Event: 1.766 GC heap after
{Heap after GC invocations=3 (full 0):
 garbage-first heap   total reserved 4130816K, committed 260096K, used 152250K [0x0000000703e00000, 0x0000000800000000)
  region size 2048K, 3 young (6144K), 3 survivors (6144K)
 Metaspace       used 15773K, committed 16064K, reserved 1114112K
  class space    used 2466K, committed 2624K, reserved 1048576K
}
Event: 4.731 GC heap before
{Heap before GC invocations=4 (full 0):
 garbage-first heap   total reserved 4130816K, committed 260096K, used 156346K [0x0000000703e00000, 0x0000000800000000)
  region size 2048K, 5 young (10240K), 3 survivors (6144K)
 Metaspace       used 16104K, committed 16448K, reserved 1114112K
  class space    used 2498K, committed 2624K, reserved 1048576K
}
Event: 4.734 GC heap after
{Heap after GC invocations=5 (full 0):
 garbage-first heap   total reserved 4130816K, committed 260096K, used 154623K [0x0000000703e00000, 0x0000000800000000)
  region size 2048K, 2 young (4096K), 2 survivors (4096K)
 Metaspace       used 16104K, committed 16448K, reserved 1114112K
  class space    used 2498K, committed 2624K, reserved 1048576K
}
Event: 13.095 GC heap before
{Heap before GC invocations=6 (full 0):
 garbage-first heap   total reserved 4130816K, committed 499712K, used 302079K [0x0000000703e00000, 0x0000000800000000)
  region size 2048K, 5 young (10240K), 2 survivors (4096K)
 Metaspace       used 16902K, committed 17216K, reserved 1114112K
  class space    used 2615K, committed 2752K, reserved 1048576K
}
Event: 13.098 GC heap after
{Heap after GC invocations=7 (full 0):
 garbage-first heap   total reserved 4130816K, committed 499712K, used 154698K [0x0000000703e00000, 0x0000000800000000)
  region size 2048K, 2 young (4096K), 2 survivors (4096K)
 Metaspace       used 16902K, committed 17216K, reserved 1114112K
  class space    used 2615K, committed 2752K, reserved 1048576K
}
Event: 23.396 GC heap before
{Heap before GC invocations=7 (full 0):
 garbage-first heap   total reserved 4130816K, committed 499712K, used 300106K [0x0000000703e00000, 0x0000000800000000)
  region size 2048K, 4 young (8192K), 2 survivors (4096K)
 Metaspace       used 17167K, committed 17472K, reserved 1114112K
  class space    used 2629K, committed 2752K, reserved 1048576K
}
Event: 23.399 GC heap after
{Heap after GC invocations=8 (full 0):
 garbage-first heap   total reserved 4130816K, committed 499712K, used 154835K [0x0000000703e00000, 0x0000000800000000)
  region size 2048K, 2 young (4096K), 2 survivors (4096K)
 Metaspace       used 17167K, committed 17472K, reserved 1114112K
  class space    used 2629K, committed 2752K, reserved 1048576K
}
Event: 25.778 GC heap before
{Heap before GC invocations=8 (full 0):
 garbage-first heap   total reserved 4130816K, committed 499712K, used 318675K [0x0000000703e00000, 0x0000000800000000)
  region size 2048K, 13 young (26624K), 2 survivors (4096K)
 Metaspace       used 21999K, committed 22336K, reserved 1114112K
  class space    used 3310K, committed 3456K, reserved 1048576K
}
Event: 25.782 GC heap after
{Heap after GC invocations=9 (full 0):
 garbage-first heap   total reserved 4130816K, committed 499712K, used 300871K [0x0000000703e00000, 0x0000000800000000)
  region size 2048K, 4 young (8192K), 4 survivors (8192K)
 Metaspace       used 21999K, committed 22336K, reserved 1114112K
  class space    used 3310K, committed 3456K, reserved 1048576K
}

